#
# A fatal error has been detected by the Java Runtime Environment:
#
#  EXCEPTION_ILLEGAL_INSTRUCTION (0xc000001d) at pc=0x0000000002458840, pid=3812, tid=4772
#
# JRE version: Java(TM) SE Runtime Environment (7.0_79-b15) (build 1.7.0_79-b15)
# Java VM: Java HotSpot(TM) 64-Bit Server VM (24.79-b02 mixed mode windows-amd64 compressed oops)
# Problematic frame:
# j  org.testng.reporters.XMLStringBuffer.push(Ljava/lang/String;Ljava/lang/String;Ljava/util/Properties;)V+27
#
# Failed to write core dump. Minidumps are not enabled by default on client versions of Windows
#
# If you would like to submit a bug report, please visit:
#   http://bugreport.java.com/bugreport/crash.jsp
#

---------------  T H R E A D  ---------------

Current thread (0x0000000001c3f000):  JavaThread "main" [_thread_in_Java, id=4772, stack(0x0000000002340000,0x0000000002440000)]

siginfo: ExceptionCode=0xc000001d

Registers:
RAX=0x0000000000000000, RBX=0x00000000bca61b18, RCX=0x00000000bca58f48, RDX=0x00000000024460f8
RSP=0x000000000243ee78, RBP=0x000000000243eee0, RSI=0x0000000000000005, RDI=0x0000000000000002
R8 =0x0000000000000002, R9 =0x0000000000000002, R10=0x000000006ec89090, R11=0x0000000004e63000
R12=0x0000000000000000, R13=0x000000000243ee80, R14=0x000000000243ef08, R15=0x0000000001c3f000
RIP=0x0000000002458840, EFLAGS=0x0000000000010246

Top of Stack: (sp=0x000000000243ee78)
0x000000000243ee78:   00000000024460f8 00000000ebcc74e0
0x000000000243ee88:   00000000ebcccfd8 00000000ebf02208
0x000000000243ee98:   00000000ebcc6d10 000000000243eea0
0x000000000243eea8:   00000000bca56b23 000000000243ef08
0x000000000243eeb8:   00000000bca58f48 0000000000000000
0x000000000243eec8:   00000000bca56b90 000000000243ee80
0x000000000243eed8:   000000000243eef0 000000000243ef50
0x000000000243eee8:   00000000024460f8 00000000ebcc74e0
0x000000000243eef8:   00000000ebf02208 00000000ec0e3668
0x000000000243ef08:   00000000ebcc6ca0 000000000243ef10
0x000000000243ef18:   00000000bca56d8d 000000000243ef70
0x000000000243ef28:   00000000bca58f48 0000000000000000
0x000000000243ef38:   00000000bca56dc0 000000000243eef0
0x000000000243ef48:   000000000243ef60 000000000243efb8
0x000000000243ef58:   00000000024460f8 00000000ebcc74e0
0x000000000243ef68:   00000000ec0e3668 00000000ebcc6ca0 

Instructions: (pc=0x0000000002458840)
0x0000000002458820:   00 00 00 00 74 02 ff c8 41 0f b6 5d 01 49 ff c5
0x0000000002458830:   49 ba e0 f0 c8 6e 00 00 00 00 41 ff 24 da 66 90
0x0000000002458840:   60 00 00 00 00 00 00 00 c8 48 ab 6e 00 00 00 00
0x0000000002458850:   97 00 00 00 00 00 00 00 00 00 00 00 00 00 00 00 


Register to memory mapping:

RAX=0x0000000000000000 is an unknown value
RBX=0x00000000bca61b18 is pointing into object: 0x00000000bca619f0

[error occurred during error reporting (printing register info), id 0xc0000005]

Stack: [0x0000000002340000,0x0000000002440000],  sp=0x000000000243ee78,  free space=1019k
Native frames: (J=compiled Java code, j=interpreted, Vv=VM code, C=native code)
j  org.testng.reporters.XMLStringBuffer.push(Ljava/lang/String;Ljava/lang/String;Ljava/util/Properties;)V+27
j  org.testng.reporters.XMLStringBuffer.push(Ljava/lang/String;Ljava/util/Properties;)V+5
j  org.testng.xml.XmlSuite.toXml()Ljava/lang/String;+307
j  org.testng.reporters.SuiteHTMLReporter.generateXmlFile(Lorg/testng/xml/XmlSuite;Lorg/testng/ISuite;)V+1
j  org.testng.reporters.SuiteHTMLReporter.generateReport(Ljava/util/List;Ljava/util/List;Ljava/lang/String;)V+194
j  org.testng.TestNG.generateReports(Ljava/util/List;)V+44
j  org.testng.TestNG.run()V+136
j  org.testng.remote.RemoteTestNG.run()V+208
j  org.testng.remote.RemoteTestNG.initAndRun([Ljava/lang/String;Lorg/testng/CommandLineArgs;Lorg/testng/remote/RemoteArgs;)V+171
j  org.testng.remote.RemoteTestNG.main([Ljava/lang/String;)V+106
v  ~StubRoutines::call_stub


---------------  P R O C E S S  ---------------

Java Threads: ( => current thread )
  0x000000000b68e800 JavaThread "Exec Stream Pumper" daemon [_thread_in_native, id=4784, stack(0x000000000c9a0000,0x000000000caa0000)]
  0x000000000a785800 JavaThread "Exec Stream Pumper" daemon [_thread_in_native, id=4904, stack(0x000000000c870000,0x000000000c970000)]
  0x000000000a773800 JavaThread "Exec Default Executor" daemon [_thread_in_native, id=4252, stack(0x000000000c690000,0x000000000c790000)]
  0x000000000848f000 JavaThread "Service Thread" daemon [_thread_blocked, id=4568, stack(0x000000000a3d0000,0x000000000a4d0000)]
  0x000000000848e800 JavaThread "C2 CompilerThread1" daemon [_thread_blocked, id=4872, stack(0x000000000a110000,0x000000000a210000)]
  0x000000000847c800 JavaThread "C2 CompilerThread0" daemon [_thread_blocked, id=4564, stack(0x0000000009770000,0x0000000009870000)]
  0x0000000008475000 JavaThread "Attach Listener" daemon [_thread_blocked, id=4532, stack(0x0000000009b80000,0x0000000009c80000)]
  0x0000000008470000 JavaThread "Signal Dispatcher" daemon [_thread_blocked, id=1452, stack(0x0000000009a50000,0x0000000009b50000)]
  0x0000000008418000 JavaThread "Finalizer" daemon [_thread_blocked, id=4672, stack(0x0000000009870000,0x0000000009970000)]
  0x0000000008411000 JavaThread "Reference Handler" daemon [_thread_blocked, id=5088, stack(0x0000000009580000,0x0000000009680000)]
=>0x0000000001c3f000 JavaThread "main" [_thread_in_Java, id=4772, stack(0x0000000002340000,0x0000000002440000)]

Other Threads:
  0x000000000840b800 VMThread [stack: 0x00000000093b0000,0x00000000094b0000] [id=1920]
  0x0000000009c8c000 WatcherThread [stack: 0x000000000a280000,0x000000000a380000] [id=4868]

VM state:synchronizing (normal execution)

VM Mutex/Monitor currently owned by a thread:  ([mutex/lock_event])
[0x0000000001c3d2e0] Safepoint_lock - owner thread: 0x000000000840b800
[0x0000000001c3d360] Threads_lock - owner thread: 0x000000000840b800

Heap
 PSYoungGen      total 19456K, used 17269K [0x00000000eae80000, 0x00000000ed480000, 0x0000000100000000)
  eden space 16896K, 87% used [0x00000000eae80000,0x00000000ebce53e0,0x00000000ebf00000)
  from space 2560K, 98% used [0x00000000ebf00000,0x00000000ec178030,0x00000000ec180000)
  to   space 2560K, 0% used [0x00000000ed200000,0x00000000ed200000,0x00000000ed480000)
 ParOldGen       total 43008K, used 4779K [0x00000000c0c00000, 0x00000000c3600000, 0x00000000eae80000)
  object space 43008K, 11% used [0x00000000c0c00000,0x00000000c10aaf98,0x00000000c3600000)
 PSPermGen       total 21504K, used 16922K [0x00000000bba00000, 0x00000000bcf00000, 0x00000000c0c00000)
  object space 21504K, 78% used [0x00000000bba00000,0x00000000bca86a38,0x00000000bcf00000)

Card table byte_map: [0x0000000005440000,0x0000000005670000] byte_map_base: 0x0000000004e63000

Polling page: 0x00000000001c0000

Code Cache  [0x0000000002440000, 0x00000000026b0000, 0x0000000005440000)
 total_blobs=490 nmethods=169 adapters=273 free_code_cache=48308Kb largest_free_block=49443584

Compilation events (10 events):
Event: 15.476 Thread 0x000000000847c800 nmethod 164 0x00000000024fc7d0 code [0x00000000024fc920, 0x00000000024fcbd8]
Event: 15.503 Thread 0x000000000848e800  165   !         java.net.URI::encode (142 bytes)
Event: 15.509 Thread 0x000000000848e800 nmethod 165 0x00000000024fbc10 code [0x00000000024fbde0, 0x00000000024fc2d0]
Event: 15.513 Thread 0x000000000847c800  166             java.util.Collections$UnmodifiableCollection$1::hasNext (10 bytes)
Event: 15.513 Thread 0x000000000848e800  167             java.util.Collections$UnmodifiableCollection$1::next (10 bytes)
Event: 15.514 Thread 0x000000000847c800 nmethod 166 0x0000000002508ed0 code [0x0000000002509020, 0x00000000025090d8]
Event: 15.514 Thread 0x000000000848e800 nmethod 167 0x000000000250dc90 code [0x000000000250dde0, 0x000000000250def8]
Event: 15.612 Thread 0x000000000847c800  169             org.apache.http.util.Args::notNull (33 bytes)
Event: 15.613 Thread 0x000000000847c800 nmethod 169 0x000000000250da90 code [0x000000000250dbc0, 0x000000000250dc18]
Event: 16.159 Thread 0x000000000848e800  170             sun.nio.cs.SingleByte$Encoder::encodeArrayLoop (236 bytes)

GC Heap History (6 events):
Event: 0.607 GC heap before
{Heap before GC invocations=1 (full 0):
 PSYoungGen      total 19456K, used 16896K [0x00000000eae80000, 0x00000000ec400000, 0x0000000100000000)
  eden space 16896K, 100% used [0x00000000eae80000,0x00000000ebf00000,0x00000000ebf00000)
  from space 2560K, 0% used [0x00000000ec180000,0x00000000ec180000,0x00000000ec400000)
  to   space 2560K, 0% used [0x00000000ebf00000,0x00000000ebf00000,0x00000000ec180000)
 ParOldGen       total 43008K, used 0K [0x00000000c0c00000, 0x00000000c3600000, 0x00000000eae80000)
  object space 43008K, 0% used [0x00000000c0c00000,0x00000000c0c00000,0x00000000c3600000)
 PSPermGen       total 21504K, used 8179K [0x00000000bba00000, 0x00000000bcf00000, 0x00000000c0c00000)
  object space 21504K, 38% used [0x00000000bba00000,0x00000000bc1fcea0,0x00000000bcf00000)
Event: 0.612 GC heap after
Heap after GC invocations=1 (full 0):
 PSYoungGen      total 19456K, used 2555K [0x00000000eae80000, 0x00000000ec400000, 0x0000000100000000)
  eden space 16896K, 0% used [0x00000000eae80000,0x00000000eae80000,0x00000000ebf00000)
  from space 2560K, 99% used [0x00000000ebf00000,0x00000000ec17ee48,0x00000000ec180000)
  to   space 2560K, 0% used [0x00000000ec180000,0x00000000ec180000,0x00000000ec400000)
 ParOldGen       total 43008K, used 813K [0x00000000c0c00000, 0x00000000c3600000, 0x00000000eae80000)
  object space 43008K, 1% used [0x00000000c0c00000,0x00000000c0ccb420,0x00000000c3600000)
 PSPermGen       total 21504K, used 8179K [0x00000000bba00000, 0x00000000bcf00000, 0x00000000c0c00000)
  object space 21504K, 38% used [0x00000000bba00000,0x00000000bc1fcea0,0x00000000bcf00000)
}
Event: 1.467 GC heap before
{Heap before GC invocations=2 (full 0):
 PSYoungGen      total 19456K, used 19451K [0x00000000eae80000, 0x00000000ec400000, 0x0000000100000000)
  eden space 16896K, 100% used [0x00000000eae80000,0x00000000ebf00000,0x00000000ebf00000)
  from space 2560K, 99% used [0x00000000ebf00000,0x00000000ec17ee48,0x00000000ec180000)
  to   space 2560K, 0% used [0x00000000ec180000,0x00000000ec180000,0x00000000ec400000)
 ParOldGen       total 43008K, used 813K [0x00000000c0c00000, 0x00000000c3600000, 0x00000000eae80000)
  object space 43008K, 1% used [0x00000000c0c00000,0x00000000c0ccb420,0x00000000c3600000)
 PSPermGen       total 21504K, used 11506K [0x00000000bba00000, 0x00000000bcf00000, 0x00000000c0c00000)
  object space 21504K, 53% used [0x00000000bba00000,0x00000000bc53c970,0x00000000bcf00000)
Event: 1.474 GC heap after
Heap after GC invocations=2 (full 0):
 PSYoungGen      total 19456K, used 2546K [0x00000000eae80000, 0x00000000ec400000, 0x0000000100000000)
  eden space 16896K, 0% used [0x00000000eae80000,0x00000000eae80000,0x00000000ebf00000)
  from space 2560K, 99% used [0x00000000ec180000,0x00000000ec3fc8e8,0x00000000ec400000)
  to   space 2560K, 0% used [0x00000000ebf00000,0x00000000ebf00000,0x00000000ec180000)
 ParOldGen       total 43008K, used 2112K [0x00000000c0c00000, 0x00000000c3600000, 0x00000000eae80000)
  object space 43008K, 4% used [0x00000000c0c00000,0x00000000c0e10130,0x00000000c3600000)
 PSPermGen       total 21504K, used 11506K [0x00000000bba00000, 0x00000000bcf00000, 0x00000000c0c00000)
  object space 21504K, 53% used [0x00000000bba00000,0x00000000bc53c970,0x00000000bcf00000)
}
Event: 1.920 GC heap before
{Heap before GC invocations=3 (full 0):
 PSYoungGen      total 19456K, used 19442K [0x00000000eae80000, 0x00000000ec400000, 0x0000000100000000)
  eden space 16896K, 100% used [0x00000000eae80000,0x00000000ebf00000,0x00000000ebf00000)
  from space 2560K, 99% used [0x00000000ec180000,0x00000000ec3fc8e8,0x00000000ec400000)
  to   space 2560K, 0% used [0x00000000ebf00000,0x00000000ebf00000,0x00000000ec180000)
 ParOldGen       total 43008K, used 2112K [0x00000000c0c00000, 0x00000000c3600000, 0x00000000eae80000)
  object space 43008K, 4% used [0x00000000c0c00000,0x00000000c0e10130,0x00000000c3600000)
 PSPermGen       total 21504K, used 14539K [0x00000000bba00000, 0x00000000bcf00000, 0x00000000c0c00000)
  object space 21504K, 67% used [0x00000000bba00000,0x00000000bc832d28,0x00000000bcf00000)
Event: 1.934 GC heap after
Heap after GC invocations=3 (full 0):
 PSYoungGen      total 19456K, used 2528K [0x00000000eae80000, 0x00000000ed480000, 0x0000000100000000)
  eden space 16896K, 0% used [0x00000000eae80000,0x00000000eae80000,0x00000000ebf00000)
  from space 2560K, 98% used [0x00000000ebf00000,0x00000000ec178030,0x00000000ec180000)
  to   space 2560K, 0% used [0x00000000ed200000,0x00000000ed200000,0x00000000ed480000)
 ParOldGen       total 43008K, used 4779K [0x00000000c0c00000, 0x00000000c3600000, 0x00000000eae80000)
  object space 43008K, 11% used [0x00000000c0c00000,0x00000000c10aaf98,0x00000000c3600000)
 PSPermGen       total 21504K, used 14539K [0x00000000bba00000, 0x00000000bcf00000, 0x00000000c0c00000)
  object space 21504K, 67% used [0x00000000bba00000,0x00000000bc832d28,0x00000000bcf00000)
}

Deoptimization events (10 events):
Event: 1.364 Thread 0x0000000001c3f000 Uncommon trap: reason=unreached action=reinterpret pc=0x00000000024cfff0 method=java.lang.AbstractStringBuilder.append(Ljava/lang/String;)Ljava/lang/AbstractStringBuilder; @ 1
Event: 1.637 Thread 0x0000000001c3f000 Uncommon trap: reason=unreached action=reinterpret pc=0x00000000024c9af4 method=java.lang.AbstractStringBuilder.append(Ljava/lang/String;)Ljava/lang/AbstractStringBuilder; @ 1
Event: 1.641 Thread 0x0000000001c3f000 Uncommon trap: reason=unreached action=reinterpret pc=0x00000000024ccec8 method=sun.misc.URLClassPath$JarLoader.ensureOpen()V @ 4
Event: 1.692 Thread 0x0000000001c3f000 Uncommon trap: reason=unreached action=reinterpret pc=0x00000000024c0e40 method=sun.misc.URLClassPath$JarLoader.ensureOpen()V @ 4
Event: 1.709 Thread 0x0000000001c3f000 Uncommon trap: reason=unreached action=reinterpret pc=0x00000000024c3784 method=sun.misc.URLClassPath$JarLoader.ensureOpen()V @ 4
Event: 1.881 Thread 0x0000000001c3f000 Uncommon trap: reason=class_check action=maybe_recompile pc=0x00000000024a8ac8 method=java.util.Properties$LineReader.readLine()I @ 62
Event: 1.881 Thread 0x0000000001c3f000 Uncommon trap: reason=class_check action=maybe_recompile pc=0x00000000024a8ac8 method=java.util.Properties$LineReader.readLine()I @ 62
Event: 1.952 Thread 0x0000000001c3f000 Uncommon trap: reason=null_check action=make_not_entrant pc=0x00000000024e9a90 method=java.util.jar.Attributes.putValue(Ljava/lang/String;Ljava/lang/String;)Ljava/lang/String; @ 13
Event: 10.806 Thread 0x0000000001c3f000 Uncommon trap: reason=unreached action=reinterpret pc=0x00000000024f6430 method=java.util.concurrent.ConcurrentHashMap$Segment.put(Ljava/lang/Object;ILjava/lang/Object;Z)Ljava/lang/Object; @ 62
Event: 15.526 Thread 0x0000000001c3f000 Uncommon trap: reason=unreached action=reinterpret pc=0x00000000025150c8 method=com.google.gson.stream.JsonWriter.string(Ljava/lang/String;)V @ 68

Internal exceptions (10 events):
Event: 16.133 Thread 0x0000000001c3f000 Threw 0x00000000ebbf53c0 at C:\re\jdk7u79\2331\hotspot\src\share\vm\prims\jvm.cpp:1304
Event: 16.133 Thread 0x0000000001c3f000 Threw 0x00000000ebbfa2f0 at C:\re\jdk7u79\2331\hotspot\src\share\vm\prims\jvm.cpp:1304
Event: 16.133 Thread 0x0000000001c3f000 Threw 0x00000000ebbff138 at C:\re\jdk7u79\2331\hotspot\src\share\vm\prims\jvm.cpp:1304
Event: 16.138 Thread 0x0000000001c3f000 Threw 0x00000000ebc0b858 at C:\re\jdk7u79\2331\hotspot\src\share\vm\prims\jvm.cpp:1304
Event: 16.139 Thread 0x0000000001c3f000 Threw 0x00000000ebc148d0 at C:\re\jdk7u79\2331\hotspot\src\share\vm\prims\jvm.cpp:1304
Event: 16.142 Thread 0x0000000001c3f000 Threw 0x00000000ebc22de0 at C:\re\jdk7u79\2331\hotspot\src\share\vm\prims\jvm.cpp:1304
Event: 16.143 Thread 0x0000000001c3f000 Threw 0x00000000ebc28500 at C:\re\jdk7u79\2331\hotspot\src\share\vm\prims\jvm.cpp:1304
Event: 16.144 Thread 0x0000000001c3f000 Threw 0x00000000ebc2dc90 at C:\re\jdk7u79\2331\hotspot\src\share\vm\prims\jvm.cpp:1304
Event: 16.158 Thread 0x0000000001c3f000 Threw 0x00000000ebc8b4d0 at C:\re\jdk7u79\2331\hotspot\src\share\vm\prims\jvm.cpp:1304
Event: 16.163 Thread 0x0000000001c3f000 Threw 0x00000000ebcc7998 at C:\re\jdk7u79\2331\hotspot\src\share\vm\prims\jvm.cpp:1304

Events (10 events):
Event: 16.154 loading class 0x0000000009daf8b0
Event: 16.154 loading class 0x0000000009daf8b0 done
Event: 16.155 loading class 0x0000000009f16410
Event: 16.155 loading class 0x000000000aac69d0
Event: 16.155 loading class 0x000000000aac69d0 done
Event: 16.155 loading class 0x0000000009f16410 done
Event: 16.158 loading class 0x0000000009fcd8c0
Event: 16.158 loading class 0x0000000009fcd8c0 done
Event: 16.163 loading class 0x0000000009f27930
Event: 16.163 loading class 0x0000000009f27930 done


Dynamic libraries:
0x000000013f450000 - 0x000000013f483000 	C:\Program Files\Java\jre7\bin\javaw.exe
0x0000000076df0000 - 0x0000000076f99000 	C:\Windows\SYSTEM32\ntdll.dll
0x00000000766f0000 - 0x000000007680f000 	C:\Windows\system32\kernel32.dll
0x000007fefd550000 - 0x000007fefd5bc000 	C:\Windows\system32\KERNELBASE.dll
0x000007fefd9b0000 - 0x000007fefda8b000 	C:\Windows\system32\ADVAPI32.dll
0x000007fefdbb0000 - 0x000007fefdc4f000 	C:\Windows\system32\msvcrt.dll
0x000007fefdac0000 - 0x000007fefdadf000 	C:\Windows\SYSTEM32\sechost.dll
0x000007fefefb0000 - 0x000007feff0dd000 	C:\Windows\system32\RPCRT4.dll
0x0000000076810000 - 0x000000007690a000 	C:\Windows\system32\USER32.dll
0x000007fefdae0000 - 0x000007fefdb47000 	C:\Windows\system32\GDI32.dll
0x000007fefdfa0000 - 0x000007fefdfae000 	C:\Windows\system32\LPK.dll
0x000007fefdc50000 - 0x000007fefdd19000 	C:\Windows\system32\USP10.dll
0x000007fefbd20000 - 0x000007fefbf14000 	C:\Windows\WinSxS\amd64_microsoft.windows.common-controls_6595b64144ccf1df_6.0.7601.18837_none_fa3b1e3d17594757\COMCTL32.dll
0x000007fefdfb0000 - 0x000007fefe021000 	C:\Windows\system32\SHLWAPI.dll
0x000007fefda90000 - 0x000007fefdabe000 	C:\Windows\system32\IMM32.DLL
0x000007fefe030000 - 0x000007fefe139000 	C:\Windows\system32\MSCTF.dll
0x000000006ffc0000 - 0x0000000070092000 	C:\Program Files\Java\jre7\bin\msvcr100.dll
0x000000006e540000 - 0x000000006ed15000 	C:\Program Files\Java\jre7\bin\server\jvm.dll
0x000007fef52f0000 - 0x000007fef52f9000 	C:\Windows\system32\WSOCK32.dll
0x000007fefe1c0000 - 0x000007fefe20d000 	C:\Windows\system32\WS2_32.dll
0x000007fefe210000 - 0x000007fefe218000 	C:\Windows\system32\NSI.dll
0x000007fefb350000 - 0x000007fefb38b000 	C:\Windows\system32\WINMM.dll
0x0000000076fb0000 - 0x0000000076fb7000 	C:\Windows\system32\PSAPI.DLL
0x00000000738a0000 - 0x00000000738af000 	C:\Program Files\Java\jre7\bin\verify.dll
0x0000000073870000 - 0x0000000073898000 	C:\Program Files\Java\jre7\bin\java.dll
0x0000000073850000 - 0x0000000073865000 	C:\Program Files\Java\jre7\bin\zip.dll
0x0000000073190000 - 0x00000000731aa000 	C:\Program Files\Java\jre7\bin\net.dll
0x000007fefcac0000 - 0x000007fefcb15000 	C:\Windows\system32\mswsock.dll
0x000007fefcab0000 - 0x000007fefcab7000 	C:\Windows\System32\wship6.dll
0x000007fefc480000 - 0x000007fefc487000 	C:\Windows\System32\wshtcpip.dll
0x000007fefc940000 - 0x000007fefc99b000 	C:\Windows\system32\DNSAPI.dll
0x000007fefaf90000 - 0x000007fefafb7000 	C:\Windows\system32\IPHLPAPI.DLL
0x000007fefaf80000 - 0x000007fefaf8b000 	C:\Windows\system32\WINNSI.DLL
0x000007fef8b40000 - 0x000007fef8b48000 	C:\Windows\system32\rasadhlp.dll
0x000007fefab00000 - 0x000007fefab53000 	C:\Windows\System32\fwpuclnt.dll
0x000007fefcb20000 - 0x000007fefcb37000 	C:\Windows\system32\CRYPTSP.dll
0x000007fefc820000 - 0x000007fefc867000 	C:\Windows\system32\rsaenh.dll
0x000007fefc5a0000 - 0x000007fefc5be000 	C:\Windows\system32\USERENV.dll
0x000007fefd250000 - 0x000007fefd25f000 	C:\Windows\system32\profapi.dll
0x000007fefd180000 - 0x000007fefd18f000 	C:\Windows\system32\CRYPTBASE.dll
0x000007fefaad0000 - 0x000007fefaae8000 	C:\Windows\system32\dhcpcsvc.DLL
0x000007fefa7f0000 - 0x000007fefa801000 	C:\Windows\system32\dhcpcsvc6.DLL
0x0000000073170000 - 0x0000000073181000 	C:\Program Files\Java\jre7\bin\nio.dll
0x000000006ff90000 - 0x000000006ffb4000 	C:\Program Files\Java\jre7\bin\sunec.dll
0x00000000738b0000 - 0x00000000738bb000 	C:\Program Files\Java\jre7\bin\sunmscapi.dll
0x000007fefd3a0000 - 0x000007fefd50c000 	C:\Windows\system32\CRYPT32.dll
0x000007fefd2f0000 - 0x000007fefd2ff000 	C:\Windows\system32\MSASN1.dll
0x000007fefd120000 - 0x000007fefd177000 	C:\Windows\system32\apphelp.dll
0x000007fefb330000 - 0x000007fefb345000 	C:\Windows\system32\NLAapi.dll
0x000007fef8700000 - 0x000007fef8715000 	C:\Windows\system32\napinsp.dll
0x000007fef86e0000 - 0x000007fef86f9000 	C:\Windows\system32\pnrpnsp.dll
0x000007fef86d0000 - 0x000007fef86db000 	C:\Windows\System32\winrnr.dll

VM Arguments:
jvm_args: -ea -Dfile.encoding=Cp1252 
java_command: org.testng.remote.RemoteTestNG -serport 50727 -d C:\workspace\TestTriangle\test-output C:\workspace\TestTriangle\page_Obj.xml
Launcher Type: SUN_STANDARD

Environment Variables:
JAVA_HOME=C:\Program Files\Java\jdk1.7.0_79
PATH=C:\Windows\system32;C:\Windows;C:\Windows\System32\Wbem;C:\Windows\System32\WindowsPowerShell\v1.0\;C:\Program Files\Java\jdk1.7.0_79\bin
USERNAME=keveen
OS=Windows_NT
PROCESSOR_IDENTIFIER=Intel64 Family 6 Model 42 Stepping 7, GenuineIntel



---------------  S Y S T E M  ---------------

OS: Windows 7 , 64 bit Build 7601 Service Pack 1

CPU:total 4 (2 cores per cpu, 2 threads per core) family 6 model 42 stepping 7, cmov, cx8, fxsr, mmx, sse, sse2, sse3, ssse3, sse4.1, sse4.2, popcnt, avx, aes, ht, tsc, tscinvbit

Memory: 4k page, physical 4140912k(1905040k free), swap 8279960k(5525536k free)

vm_info: Java HotSpot(TM) 64-Bit Server VM (24.79-b02) for windows-amd64 JRE (1.7.0_79-b15), built on Apr 10 2015 12:36:16 by "java_re" with unknown MS VC++:1600

time: Sat Nov 07 12:14:45 2015
elapsed time: 16 seconds

