#
# A fatal error has been detected by the Java Runtime Environment:
#
#  EXCEPTION_ACCESS_VIOLATION (0xc0000005) at pc=0x000000006f4270a1, pid=4192, tid=4752
#
# JRE version: Java(TM) SE Runtime Environment (7.0_79-b15) (build 1.7.0_79-b15)
# Java VM: Java HotSpot(TM) 64-Bit Server VM (24.79-b02 mixed mode windows-amd64 compressed oops)
# Problematic frame:
# V  [jvm.dll+0x170a1]
#
# Failed to write core dump. Minidumps are not enabled by default on client versions of Windows
#
# If you would like to submit a bug report, please visit:
#   http://bugreport.java.com/bugreport/crash.jsp
#

---------------  T H R E A D  ---------------

Current thread (0x000000000232f000):  JavaThread "main" [_thread_in_vm, id=4752, stack(0x0000000002640000,0x0000000002740000)]

siginfo: ExceptionCode=0xc0000005, reading address 0xffffffffffffffff

Registers:
RAX=0x0000000000000010, RBX=0x0000000000370036, RCX=0x001600ff00008197, RDX=0x000000000000817c
RSP=0x000000000273ca58, RBP=0x000000000273cc10, RSI=0x0000000000000000, RDI=0x00000000bc7b2a58
R8 =0x00000000bc7a6f78, R9 =0x000000000000817c, R10=0x0000000000000018, R11=0x000000006f97aa40
R12=0x0000000000000001, R13=0x000000000b9db468, R14=0x000000000232f000, R15=0x000000000273daf0
RIP=0x000000006f4270a1, EFLAGS=0x0000000000010212

Top of Stack: (sp=0x000000000273ca58)
0x000000000273ca58:   000000006f51ebe3 0000000000000000
0x000000000273ca68:   0000000000000000 0000000000000002
0x000000000273ca78:   0000000000000000 0000000000000002
0x000000000273ca88:   000000006f479a2c 000000000273daf0
0x000000000273ca98:   000000006f46db04 000000000273cb60
0x000000000273caa8:   000000006f4ebd44 000000006f9ba308
0x000000000273cab8:   0000005000000000 0000000000000018
0x000000000273cac8:   0000000000000000 0000000000000000
0x000000000273cad8:   000000000a2aef90 0000000000000018
0x000000000273cae8:   0000000000000100 0000000000000000
0x000000000273caf8:   0000000000000000 0000000000000002
0x000000000273cb08:   000000006f47f1c3 0000000000000002
0x000000000273cb18:   000000006f97aa40 00000000bc7a6f78
0x000000000273cb28:   000000000000017d 000000000273cb60
0x000000000273cb38:   000000000232f000 000000000232f000
0x000000000273cb48:   000000000232f000 000000000273cc30 

Instructions: (pc=0x000000006f4270a1)
0x000000006f427081:   c1 83 c0 0b 48 63 c8 48 83 e1 f8 48 c1 e9 03 8d
0x000000006f427091:   04 cd 00 00 00 00 48 63 c8 49 03 c9 49 03 48 10
0x000000006f4270a1:   0f b6 01 3c 64 74 18 3c 68 74 14 3c 07 74 10 3c
0x000000006f4270b1:   66 74 0c 3c 08 75 1c 0f 1f 84 00 00 00 00 00 4b 


Register to memory mapping:

RAX=0x0000000000000010 is an unknown value
RBX=0x0000000000370036 is an unknown value
RCX=0x001600ff00008197 is an unknown value
RDX=0x000000000000817c is an unknown value
RSP=0x000000000273ca58 is pointing into the stack for thread: 0x000000000232f000
RBP=0x000000000273cc10 is pointing into the stack for thread: 0x000000000232f000
RSI=0x0000000000000000 is an unknown value
RDI=
[error occurred during error reporting (printing register info), id 0xc0000005]

Stack: [0x0000000002640000,0x0000000002740000],  sp=0x000000000273ca58,  free space=1010k
Native frames: (J=compiled Java code, j=interpreted, Vv=VM code, C=native code)
V  [jvm.dll+0x170a1]

Java frames: (J=compiled Java code, j=interpreted, Vv=VM code)
j  org.openqa.selenium.remote.internal.HttpClientFactory.createHttpClient(Lorg/apache/http/auth/Credentials;II)Lorg/apache/http/impl/client/CloseableHttpClient;+41
j  org.openqa.selenium.remote.internal.HttpClientFactory.<init>(II)V+16
j  org.openqa.selenium.remote.internal.HttpClientFactory.<init>()V+7
j  org.openqa.selenium.remote.internal.ApacheHttpClient$Factory.getDefaultHttpClientFactory()Lorg/openqa/selenium/remote/internal/HttpClientFactory;+10
j  org.openqa.selenium.remote.internal.ApacheHttpClient$Factory.<init>()V+1
j  org.openqa.selenium.remote.HttpCommandExecutor.getDefaultClientFactory()Lorg/openqa/selenium/remote/http/HttpClient$Factory;+10
j  org.openqa.selenium.remote.HttpCommandExecutor.<init>(Ljava/util/Map;Ljava/net/URL;)V+3
j  org.openqa.selenium.remote.HttpCommandExecutor.<init>(Ljava/net/URL;)V+5
j  org.openqa.selenium.firefox.internal.NewProfileExtensionConnection.start()V+70
j  org.openqa.selenium.firefox.FirefoxDriver.startClient()V+35
j  org.openqa.selenium.remote.RemoteWebDriver.<init>(Lorg/openqa/selenium/remote/CommandExecutor;Lorg/openqa/selenium/Capabilities;Lorg/openqa/selenium/Capabilities;)V+65
j  org.openqa.selenium.firefox.FirefoxDriver.<init>(Lorg/openqa/selenium/firefox/FirefoxBinary;Lorg/openqa/selenium/firefox/FirefoxProfile;Lorg/openqa/selenium/Capabilities;Lorg/openqa/selenium/Capabilities;)V+48
j  org.openqa.selenium.firefox.FirefoxDriver.<init>(Lorg/openqa/selenium/firefox/FirefoxBinary;Lorg/openqa/selenium/firefox/FirefoxProfile;Lorg/openqa/selenium/Capabilities;)V+5
j  org.openqa.selenium.firefox.FirefoxDriver.<init>(Lorg/openqa/selenium/firefox/FirefoxBinary;Lorg/openqa/selenium/firefox/FirefoxProfile;)V+6
j  org.openqa.selenium.firefox.FirefoxDriver.<init>()V+9
j  SeleniumPractise.Helper.beforeTest()V+5
v  ~StubRoutines::call_stub
j  sun.reflect.NativeMethodAccessorImpl.invoke0(Ljava/lang/reflect/Method;Ljava/lang/Object;[Ljava/lang/Object;)Ljava/lang/Object;+0
j  sun.reflect.NativeMethodAccessorImpl.invoke(Ljava/lang/Object;[Ljava/lang/Object;)Ljava/lang/Object;+87
j  sun.reflect.DelegatingMethodAccessorImpl.invoke(Ljava/lang/Object;[Ljava/lang/Object;)Ljava/lang/Object;+6
j  java.lang.reflect.Method.invoke(Ljava/lang/Object;[Ljava/lang/Object;)Ljava/lang/Object;+57
j  org.testng.internal.MethodInvocationHelper.invokeMethod(Ljava/lang/reflect/Method;Ljava/lang/Object;[Ljava/lang/Object;)Ljava/lang/Object;+235
j  org.testng.internal.Invoker.invokeConfigurationMethod(Ljava/lang/Object;Lorg/testng/ITestNGMethod;[Ljava/lang/Object;Lorg/testng/ITestResult;)V+129
j  org.testng.internal.Invoker.invokeConfigurations(Lorg/testng/IClass;Lorg/testng/ITestNGMethod;[Lorg/testng/ITestNGMethod;Lorg/testng/xml/XmlSuite;Ljava/util/Map;[Ljava/lang/Object;Ljava/lang/Object;Lorg/testng/ITestResult;)V+303
j  org.testng.internal.Invoker.invokeConfigurations(Lorg/testng/IClass;[Lorg/testng/ITestNGMethod;Lorg/testng/xml/XmlSuite;Ljava/util/Map;[Ljava/lang/Object;Ljava/lang/Object;)V+12
j  org.testng.TestRunner.beforeRun()V+60
j  org.testng.TestRunner.run()V+1
j  org.testng.SuiteRunner.runTest(Lorg/testng/TestRunner;)V+1
j  org.testng.SuiteRunner.runSequentially()V+31
j  org.testng.SuiteRunner.privateRun()V+281
j  org.testng.SuiteRunner.run()V+6
j  org.testng.SuiteRunnerWorker.runSuite(Lorg/testng/internal/SuiteRunnerMap;Lorg/testng/xml/XmlSuite;)V+89
j  org.testng.SuiteRunnerWorker.run()V+12
j  org.testng.TestNG.runSuitesSequentially(Lorg/testng/xml/XmlSuite;Lorg/testng/internal/SuiteRunnerMap;ILjava/lang/String;)V+66
j  org.testng.TestNG.runSuitesLocally()Ljava/util/List;+143
j  org.testng.TestNG.run()V+77
j  org.testng.remote.RemoteTestNG.run()V+208
j  org.testng.remote.RemoteTestNG.initAndRun([Ljava/lang/String;Lorg/testng/CommandLineArgs;Lorg/testng/remote/RemoteArgs;)V+171
j  org.testng.remote.RemoteTestNG.main([Ljava/lang/String;)V+106
v  ~StubRoutines::call_stub

---------------  P R O C E S S  ---------------

Java Threads: ( => current thread )
  0x000000000a5f0800 JavaThread "ReaderThread" [_thread_in_native, id=4736, stack(0x000000000b8a0000,0x000000000b9a0000)]
  0x0000000008677800 JavaThread "Service Thread" daemon [_thread_blocked, id=3852, stack(0x000000000a120000,0x000000000a220000)]
  0x0000000008677000 JavaThread "C2 CompilerThread1" daemon [_thread_blocked, id=5004, stack(0x0000000009f10000,0x000000000a010000)]
  0x0000000008664800 JavaThread "C2 CompilerThread0" daemon [_thread_blocked, id=3548, stack(0x0000000009d10000,0x0000000009e10000)]
  0x000000000865d000 JavaThread "Attach Listener" daemon [_thread_blocked, id=4792, stack(0x0000000009b70000,0x0000000009c70000)]
  0x0000000008658000 JavaThread "Signal Dispatcher" daemon [_thread_blocked, id=1876, stack(0x00000000098d0000,0x00000000099d0000)]
  0x0000000008608000 JavaThread "Finalizer" daemon [_thread_blocked, id=1744, stack(0x0000000009470000,0x0000000009570000)]
  0x0000000008600800 JavaThread "Reference Handler" daemon [_thread_blocked, id=3560, stack(0x0000000009760000,0x0000000009860000)]
=>0x000000000232f000 JavaThread "main" [_thread_in_vm, id=4752, stack(0x0000000002640000,0x0000000002740000)]

Other Threads:
  0x00000000085fb000 VMThread [stack: 0x0000000009630000,0x0000000009730000] [id=2000]
  0x0000000008679800 WatcherThread [stack: 0x000000000a700000,0x000000000a800000] [id=4336]

VM state:not at safepoint (normal execution)

VM Mutex/Monitor currently owned by a thread: None

Heap
 PSYoungGen      total 19456K, used 15297K [0x00000000eae80000, 0x00000000ed480000, 0x0000000100000000)
  eden space 16896K, 75% used [0x00000000eae80000,0x00000000ebaf10a8,0x00000000ebf00000)
  from space 2560K, 99% used [0x00000000ed200000,0x00000000ed47f458,0x00000000ed480000)
  to   space 2560K, 0% used [0x00000000ebf00000,0x00000000ebf00000,0x00000000ec180000)
 ParOldGen       total 43008K, used 2302K [0x00000000c0c00000, 0x00000000c3600000, 0x00000000eae80000)
  object space 43008K, 5% used [0x00000000c0c00000,0x00000000c0e3f9a8,0x00000000c3600000)
 PSPermGen       total 21504K, used 14064K [0x00000000bba00000, 0x00000000bcf00000, 0x00000000c0c00000)
  object space 21504K, 65% used [0x00000000bba00000,0x00000000bc7bc058,0x00000000bcf00000)

Card table byte_map: [0x0000000005740000,0x0000000005970000] byte_map_base: 0x0000000005163000

Polling page: 0x0000000000120000

Code Cache  [0x0000000002740000, 0x00000000029b0000, 0x0000000005740000)
 total_blobs=423 nmethods=127 adapters=248 free_code_cache=48404Kb largest_free_block=49533248

Compilation events (10 events):
Event: 25.736 Thread 0x0000000008677000 nmethod 122 0x00000000027f6b90 code [0x00000000027f6ce0, 0x00000000027f6e28]
Event: 25.739 Thread 0x0000000008677000  124             java.util.ArrayList$Itr::hasNext (20 bytes)
Event: 25.739 Thread 0x0000000008677000 nmethod 124 0x00000000027f2890 code [0x00000000027f29c0, 0x00000000027f2a38]
Event: 25.747 Thread 0x0000000008664800 nmethod 110 0x0000000002800350 code [0x0000000002800540, 0x00000000028020e8]
Event: 25.755 Thread 0x0000000008677000  125             java.util.jar.JarFile::getEntry (22 bytes)
Event: 25.755 Thread 0x0000000008664800  126             java.util.jar.JarFile::getJarEntry (9 bytes)
Event: 25.759 Thread 0x0000000008677000 nmethod 125 0x00000000027f7cd0 code [0x00000000027f7e60, 0x00000000027f8450]
Event: 25.760 Thread 0x0000000008677000  127             java.net.URL::getProtocol (5 bytes)
Event: 25.760 Thread 0x0000000008677000 nmethod 127 0x00000000027f5b10 code [0x00000000027f5c40, 0x00000000027f5c98]
Event: 25.760 Thread 0x0000000008664800 nmethod 126 0x00000000027f7110 code [0x00000000027f72a0, 0x00000000027f78b0]

GC Heap History (4 events):
Event: 0.687 GC heap before
{Heap before GC invocations=1 (full 0):
 PSYoungGen      total 19456K, used 16896K [0x00000000eae80000, 0x00000000ec400000, 0x0000000100000000)
  eden space 16896K, 100% used [0x00000000eae80000,0x00000000ebf00000,0x00000000ebf00000)
  from space 2560K, 0% used [0x00000000ec180000,0x00000000ec180000,0x00000000ec400000)
  to   space 2560K, 0% used [0x00000000ebf00000,0x00000000ebf00000,0x00000000ec180000)
 ParOldGen       total 43008K, used 0K [0x00000000c0c00000, 0x00000000c3600000, 0x00000000eae80000)
  object space 43008K, 0% used [0x00000000c0c00000,0x00000000c0c00000,0x00000000c3600000)
 PSPermGen       total 21504K, used 8410K [0x00000000bba00000, 0x00000000bcf00000, 0x00000000c0c00000)
  object space 21504K, 39% used [0x00000000bba00000,0x00000000bc236958,0x00000000bcf00000)
Event: 0.701 GC heap after
Heap after GC invocations=1 (full 0):
 PSYoungGen      total 19456K, used 2538K [0x00000000eae80000, 0x00000000ed480000, 0x0000000100000000)
  eden space 16896K, 0% used [0x00000000eae80000,0x00000000eae80000,0x00000000ebf00000)
  from space 2560K, 99% used [0x00000000ebf00000,0x00000000ec17ab28,0x00000000ec180000)
  to   space 2560K, 0% used [0x00000000ed200000,0x00000000ed200000,0x00000000ed480000)
 ParOldGen       total 43008K, used 1020K [0x00000000c0c00000, 0x00000000c3600000, 0x00000000eae80000)
  object space 43008K, 2% used [0x00000000c0c00000,0x00000000c0cff060,0x00000000c3600000)
 PSPermGen       total 21504K, used 8410K [0x00000000bba00000, 0x00000000bcf00000, 0x00000000c0c00000)
  object space 21504K, 39% used [0x00000000bba00000,0x00000000bc236958,0x00000000bcf00000)
}
Event: 25.370 GC heap before
{Heap before GC invocations=2 (full 0):
 PSYoungGen      total 19456K, used 19434K [0x00000000eae80000, 0x00000000ed480000, 0x0000000100000000)
  eden space 16896K, 100% used [0x00000000eae80000,0x00000000ebf00000,0x00000000ebf00000)
  from space 2560K, 99% used [0x00000000ebf00000,0x00000000ec17ab28,0x00000000ec180000)
  to   space 2560K, 0% used [0x00000000ed200000,0x00000000ed200000,0x00000000ed480000)
 ParOldGen       total 43008K, used 1020K [0x00000000c0c00000, 0x00000000c3600000, 0x00000000eae80000)
  object space 43008K, 2% used [0x00000000c0c00000,0x00000000c0cff060,0x00000000c3600000)
 PSPermGen       total 21504K, used 11689K [0x00000000bba00000, 0x00000000bcf00000, 0x00000000c0c00000)
  object space 21504K, 54% used [0x00000000bba00000,0x00000000bc56a780,0x00000000bcf00000)
Event: 25.376 GC heap after
Heap after GC invocations=2 (full 0):
 PSYoungGen      total 19456K, used 2557K [0x00000000eae80000, 0x00000000ed480000, 0x0000000100000000)
  eden space 16896K, 0% used [0x00000000eae80000,0x00000000eae80000,0x00000000ebf00000)
  from space 2560K, 99% used [0x00000000ed200000,0x00000000ed47f458,0x00000000ed480000)
  to   space 2560K, 0% used [0x00000000ebf00000,0x00000000ebf00000,0x00000000ec180000)
 ParOldGen       total 43008K, used 2302K [0x00000000c0c00000, 0x00000000c3600000, 0x00000000eae80000)
  object space 43008K, 5% used [0x00000000c0c00000,0x00000000c0e3f9a8,0x00000000c3600000)
 PSPermGen       total 21504K, used 11689K [0x00000000bba00000, 0x00000000bcf00000, 0x00000000c0c00000)
  object space 21504K, 54% used [0x00000000bba00000,0x00000000bc56a780,0x00000000bcf00000)
}

Deoptimization events (3 events):
Event: 0.566 Thread 0x000000000232f000 Uncommon trap: reason=unreached action=reinterpret pc=0x00000000027b57e4 method=java.util.HashMap.getEntry(Ljava/lang/Object;)Ljava/util/HashMap$Entry; @ 10
Event: 25.284 Thread 0x000000000232f000 Uncommon trap: reason=unreached action=reinterpret pc=0x00000000027ce45c method=java.lang.AbstractStringBuilder.append(Ljava/lang/String;)Ljava/lang/AbstractStringBuilder; @ 1
Event: 25.497 Thread 0x000000000232f000 Uncommon trap: reason=unreached action=reinterpret pc=0x00000000027c1180 method=sun.misc.URLClassPath$JarLoader.ensureOpen()V @ 4

Internal exceptions (10 events):
Event: 25.774 Thread 0x000000000232f000 Threw 0x00000000eba6dd68 at C:\re\jdk7u79\2331\hotspot\src\share\vm\prims\jvm.cpp:1304
Event: 25.774 Thread 0x000000000232f000 Threw 0x00000000eba71960 at C:\re\jdk7u79\2331\hotspot\src\share\vm\prims\jvm.cpp:1304
Event: 25.774 Thread 0x000000000232f000 Threw 0x00000000eba75550 at C:\re\jdk7u79\2331\hotspot\src\share\vm\prims\jvm.cpp:1304
Event: 25.775 Thread 0x000000000232f000 Threw 0x00000000eba79208 at C:\re\jdk7u79\2331\hotspot\src\share\vm\prims\jvm.cpp:1304
Event: 25.775 Thread 0x000000000232f000 Threw 0x00000000eba7d068 at C:\re\jdk7u79\2331\hotspot\src\share\vm\prims\jvm.cpp:1304
Event: 25.775 Thread 0x000000000232f000 Threw 0x00000000eba81570 at C:\re\jdk7u79\2331\hotspot\src\share\vm\prims\jvm.cpp:1304
Event: 25.775 Thread 0x000000000232f000 Threw 0x00000000eba85588 at C:\re\jdk7u79\2331\hotspot\src\share\vm\prims\jvm.cpp:1304
Event: 25.776 Thread 0x000000000232f000 Threw 0x00000000eba88ef0 at C:\re\jdk7u79\2331\hotspot\src\share\vm\prims\jvm.cpp:1304
Event: 25.776 Thread 0x000000000232f000 Threw 0x00000000eba91528 at C:\re\jdk7u79\2331\hotspot\src\share\vm\prims\jvm.cpp:1304
Event: 25.776 Thread 0x000000000232f000 Threw 0x00000000eba9c090 at C:\re\jdk7u79\2331\hotspot\src\share\vm\prims\jvm.cpp:1304

Events (10 events):
Event: 25.775 loading class 0x000000000aa8afa0
Event: 25.775 loading class 0x000000000aa8afa0 done
Event: 25.775 loading class 0x000000000a827ff0
Event: 25.775 loading class 0x000000000a827ff0 done
Event: 25.776 loading class 0x000000000a384170
Event: 25.776 loading class 0x000000000a384170 done
Event: 25.776 loading class 0x000000000aa8aeb0
Event: 25.776 loading class 0x000000000aa8aeb0 done
Event: 25.776 loading class 0x000000000a828570
Event: 25.776 loading class 0x000000000a828570 done


Dynamic libraries:
0x000000013f1e0000 - 0x000000013f213000 	C:\Program Files\Java\jre7\bin\javaw.exe
0x0000000077980000 - 0x0000000077b29000 	C:\Windows\SYSTEM32\ntdll.dll
0x00000000774a0000 - 0x00000000775bf000 	C:\Windows\system32\kernel32.dll
0x000007fefe140000 - 0x000007fefe1ac000 	C:\Windows\system32\KERNELBASE.dll
0x000007fefe390000 - 0x000007fefe46b000 	C:\Windows\system32\ADVAPI32.dll
0x000007feffa40000 - 0x000007feffadf000 	C:\Windows\system32\msvcrt.dll
0x000007feffc00000 - 0x000007feffc1f000 	C:\Windows\SYSTEM32\sechost.dll
0x000007feff910000 - 0x000007feffa3d000 	C:\Windows\system32\RPCRT4.dll
0x00000000775c0000 - 0x00000000776ba000 	C:\Windows\system32\USER32.dll
0x000007fefe7a0000 - 0x000007fefe807000 	C:\Windows\system32\GDI32.dll
0x000007feff750000 - 0x000007feff75e000 	C:\Windows\system32\LPK.dll
0x000007fefe810000 - 0x000007fefe8d9000 	C:\Windows\system32\USP10.dll
0x000007fefcdc0000 - 0x000007fefcfb4000 	C:\Windows\WinSxS\amd64_microsoft.windows.common-controls_6595b64144ccf1df_6.0.7601.17514_none_fa396087175ac9ac\COMCTL32.dll
0x000007fefe720000 - 0x000007fefe791000 	C:\Windows\system32\SHLWAPI.dll
0x000007feff8e0000 - 0x000007feff90e000 	C:\Windows\system32\IMM32.DLL
0x000007feff760000 - 0x000007feff869000 	C:\Windows\system32\MSCTF.dll
0x00000000732f0000 - 0x00000000733c2000 	C:\Program Files\Java\jre7\bin\msvcr100.dll
0x000000006f410000 - 0x000000006fbe5000 	C:\Program Files\Java\jre7\bin\server\jvm.dll
0x000007fefd9e0000 - 0x000007fefd9e9000 	C:\Windows\system32\WSOCK32.dll
0x000007feff890000 - 0x000007feff8dd000 	C:\Windows\system32\WS2_32.dll
0x000007feffc80000 - 0x000007feffc88000 	C:\Windows\system32\NSI.dll
0x000007fefcb60000 - 0x000007fefcb9b000 	C:\Windows\system32\WINMM.dll
0x0000000077b40000 - 0x0000000077b47000 	C:\Windows\system32\PSAPI.DLL
0x00000000742c0000 - 0x00000000742cf000 	C:\Program Files\Java\jre7\bin\verify.dll
0x0000000074290000 - 0x00000000742b8000 	C:\Program Files\Java\jre7\bin\java.dll
0x0000000074270000 - 0x0000000074285000 	C:\Program Files\Java\jre7\bin\zip.dll
0x0000000074250000 - 0x000000007426a000 	C:\Program Files\Java\jre7\bin\net.dll
0x000007fefd590000 - 0x000007fefd5e5000 	C:\Windows\system32\mswsock.dll
0x000007fefd580000 - 0x000007fefd587000 	C:\Windows\System32\wship6.dll
0x000007fefc980000 - 0x000007fefc987000 	C:\Windows\System32\wshtcpip.dll
0x000007fefd410000 - 0x000007fefd46b000 	C:\Windows\system32\DNSAPI.dll
0x000007fefb720000 - 0x000007fefb747000 	C:\Windows\system32\IPHLPAPI.DLL
0x000007fefb700000 - 0x000007fefb70b000 	C:\Windows\system32\WINNSI.DLL
0x000007fef96b0000 - 0x000007fef96b8000 	C:\Windows\system32\rasadhlp.dll
0x000007fefb590000 - 0x000007fefb5e3000 	C:\Windows\System32\fwpuclnt.dll
0x000007fefd5f0000 - 0x000007fefd607000 	C:\Windows\system32\CRYPTSP.dll
0x000007fefd2f0000 - 0x000007fefd337000 	C:\Windows\system32\rsaenh.dll
0x000007fefd0b0000 - 0x000007fefd0ce000 	C:\Windows\system32\USERENV.dll
0x000007fefdde0000 - 0x000007fefddef000 	C:\Windows\system32\profapi.dll
0x000007fefdcd0000 - 0x000007fefdcdf000 	C:\Windows\system32\CRYPTBASE.dll
0x000007fefb510000 - 0x000007fefb528000 	C:\Windows\system32\dhcpcsvc.DLL
0x000007fefb4f0000 - 0x000007fefb501000 	C:\Windows\system32\dhcpcsvc6.DLL
0x0000000073790000 - 0x00000000737a1000 	C:\Program Files\Java\jre7\bin\nio.dll
0x0000000073760000 - 0x0000000073784000 	C:\Program Files\Java\jre7\bin\sunec.dll
0x0000000073e90000 - 0x0000000073e9b000 	C:\Program Files\Java\jre7\bin\sunmscapi.dll
0x000007fefdfd0000 - 0x000007fefe13c000 	C:\Windows\system32\CRYPT32.dll
0x000007fefde80000 - 0x000007fefde8f000 	C:\Windows\system32\MSASN1.dll
0x000007fef2c50000 - 0x000007fef2d75000 	C:\Windows\system32\dbghelp.dll

VM Arguments:
jvm_args: -ea -Dfile.encoding=Cp1252 
java_command: org.testng.remote.RemoteTestNG -serport 55985 -d C:\workspace\TestTriangle\test-output C:\Users\keveen\AppData\Local\Temp\testng-eclipse--1404505051\testng-customsuite.xml
Launcher Type: SUN_STANDARD

Environment Variables:
JAVA_HOME=C:\Program Files\Java\jdk1.7.0_79
PATH=C:\Windows\system32;C:\Windows;C:\Windows\System32\Wbem;C:\Windows\System32\WindowsPowerShell\v1.0\;C:\Program Files\Java\jdk1.7.0_79\bin
USERNAME=keveen
OS=Windows_NT
PROCESSOR_IDENTIFIER=Intel64 Family 6 Model 42 Stepping 7, GenuineIntel



---------------  S Y S T E M  ---------------

OS: Windows 7 , 64 bit Build 7601 Service Pack 1

CPU:total 4 (2 cores per cpu, 2 threads per core) family 6 model 42 stepping 7, cmov, cx8, fxsr, mmx, sse, sse2, sse3, ssse3, sse4.1, sse4.2, popcnt, avx, aes, ht, tsc, tscinvbit

Memory: 4k page, physical 4140912k(1581044k free), swap 8279960k(5351280k free)

vm_info: Java HotSpot(TM) 64-Bit Server VM (24.79-b02) for windows-amd64 JRE (1.7.0_79-b15), built on Apr 10 2015 12:36:16 by "java_re" with unknown MS VC++:1600

time: Fri Oct 23 15:11:53 2015
elapsed time: 26 seconds

